{"level":"info","message":"Server running on port 5000","service":"employee-management-system-backend","timestamp":"2026-02-28 14:33:45"}
{"level":"error","message":"Error: connect ECONNREFUSED ::1:27017, connect ECONNREFUSED 127.0.0.1:27017","service":"employee-management-system-backend","timestamp":"2026-02-28 14:34:15"}
{"level":"info","message":"Server running on port 5000","service":"employee-management-system-backend","timestamp":"2026-02-28 14:35:39"}
{"level":"error","message":"Error: connect ECONNREFUSED ::1:27017, connect ECONNREFUSED 127.0.0.1:27017","service":"employee-management-system-backend","timestamp":"2026-02-28 14:36:09"}
{"level":"info","message":"Server running on port 5000","service":"employee-management-system-backend","timestamp":"2026-02-28 14:36:57"}
{"level":"error","message":"db connection failed: connect ECONNREFUSED ::1:27017, connect ECONNREFUSED 127.0.0.1:27017","service":"employee-management-system-backend","timestamp":"2026-02-28 14:37:27"}
{"level":"info","message":"Server running on port 5000","service":"employee-management-system-backend","timestamp":"2026-02-28 14:38:43"}
{"level":"info","message":"db connected: ac-rv7cbzl-shard-00-00.bzzscwt.mongodb.net","service":"employee-management-system-backend","timestamp":"2026-02-28 14:38:44"}
{"level":"info","message":"Server running on port 5000","service":"employee-management-system-backend","timestamp":"2026-02-28 14:40:13"}
{"level":"info","message":"db connected: ac-rv7cbzl-shard-00-02.bzzscwt.mongodb.net","service":"employee-management-system-backend","timestamp":"2026-02-28 14:40:14"}
{"level":"info","message":"Server running on port 5000","service":"employee-management-system-backend","timestamp":"2026-02-28 14:40:37"}
{"level":"info","message":"db connected: ac-rv7cbzl-shard-00-02.bzzscwt.mongodb.net","service":"employee-management-system-backend","timestamp":"2026-02-28 14:40:38"}
{"level":"info","message":"Server running on port 5000","service":"employee-management-system-backend","timestamp":"2026-02-28 14:47:36"}
{"level":"info","message":"db connected: ac-rv7cbzl-shard-00-01.bzzscwt.mongodb.net","service":"employee-management-system-backend","timestamp":"2026-02-28 14:47:37"}
{"level":"info","message":"::1 - - [28/Feb/2026:09:18:25 +0000] \"POST /api/employees HTTP/1.1\" 404 153 \"-\" \"Mozilla/5.0 (Windows NT; Windows NT 10.0; en-US) WindowsPowerShell/5.1.19041.6456\"","service":"employee-management-system-backend","timestamp":"2026-02-28 14:48:25"}
{"level":"info","message":"::1 - - [28/Feb/2026:09:18:58 +0000] \"POST /api/employees HTTP/1.1\" 404 153 \"-\" \"curl/8.13.0\"","service":"employee-management-system-backend","timestamp":"2026-02-28 14:48:58"}
{"level":"info","message":"::1 - - [28/Feb/2026:09:19:34 +0000] \"GET /api/employees HTTP/1.1\" 404 152 \"-\" \"Mozilla/5.0 (Windows NT; Windows NT 10.0; en-US) WindowsPowerShell/5.1.19041.6456\"","service":"employee-management-system-backend","timestamp":"2026-02-28 14:49:34"}
{"level":"info","message":"Server running on port 5000","service":"employee-management-system-backend","timestamp":"2026-02-28 14:49:45"}
{"level":"info","message":"db connected: ac-rv7cbzl-shard-00-02.bzzscwt.mongodb.net","service":"employee-management-system-backend","timestamp":"2026-02-28 14:49:46"}
{"level":"info","message":"::1 - - [28/Feb/2026:09:19:57 +0000] \"POST /api/employees HTTP/1.1\" 404 153 \"-\" \"Mozilla/5.0 (Windows NT; Windows NT 10.0; en-US) WindowsPowerShell/5.1.19041.6456\"","service":"employee-management-system-backend","timestamp":"2026-02-28 14:49:57"}
{"level":"info","message":"Server running on port 5000","service":"employee-management-system-backend","timestamp":"2026-02-28 14:50:37"}
{"level":"info","message":"db connected: ac-rv7cbzl-shard-00-01.bzzscwt.mongodb.net","service":"employee-management-system-backend","timestamp":"2026-02-28 14:50:37"}
{"level":"info","message":"New employee added: EMP123","service":"employee-management-system-backend","timestamp":"2026-02-28 14:50:49"}
{"level":"info","message":"::1 - - [28/Feb/2026:09:20:49 +0000] \"POST /api/employees HTTP/1.1\" 201 190 \"-\" \"Mozilla/5.0 (Windows NT; Windows NT 10.0; en-US) WindowsPowerShell/5.1.19041.6456\"","service":"employee-management-system-backend","timestamp":"2026-02-28 14:50:49"}
{"level":"error","message":"Add Employee Error: Cannot destructure property 'fullName' of 'req.body' as it is undefined.","service":"employee-management-system-backend","timestamp":"2026-02-28 14:57:01"}
{"level":"info","message":"::1 - - [28/Feb/2026:09:27:01 +0000] \"POST /api/employees HTTP/1.1\" 500 26 \"-\" \"PostmanRuntime/7.39.1\"","service":"employee-management-system-backend","timestamp":"2026-02-28 14:57:01"}
{"level":"error","message":"Add Employee Error: Cannot destructure property 'fullName' of 'req.body' as it is undefined.","service":"employee-management-system-backend","timestamp":"2026-02-28 14:59:31"}
{"level":"info","message":"::1 - - [28/Feb/2026:09:29:31 +0000] \"POST /api/employees HTTP/1.1\" 500 26 \"-\" \"PostmanRuntime/7.39.1\"","service":"employee-management-system-backend","timestamp":"2026-02-28 14:59:31"}
{"level":"info","message":"Server running on port 5000","service":"employee-management-system-backend","timestamp":"2026-02-28 14:59:46"}
{"level":"info","message":"db connected: ac-rv7cbzl-shard-00-01.bzzscwt.mongodb.net","service":"employee-management-system-backend","timestamp":"2026-02-28 14:59:46"}
{"level":"error","message":"Add Employee Error: Cannot destructure property 'fullName' of 'req.body' as it is undefined.","service":"employee-management-system-backend","timestamp":"2026-02-28 14:59:49"}
{"level":"info","message":"::1 - - [28/Feb/2026:09:29:49 +0000] \"POST /api/employees HTTP/1.1\" 500 26 \"-\" \"PostmanRuntime/7.39.1\"","service":"employee-management-system-backend","timestamp":"2026-02-28 14:59:49"}
{"level":"error","message":"Add Employee Error: Cannot destructure property 'fullName' of 'req.body' as it is undefined.","service":"employee-management-system-backend","timestamp":"2026-02-28 15:00:12"}
{"level":"info","message":"::1 - - [28/Feb/2026:09:30:12 +0000] \"POST /api/employees HTTP/1.1\" 500 26 \"-\" \"PostmanRuntime/7.39.1\"","service":"employee-management-system-backend","timestamp":"2026-02-28 15:00:12"}
{"level":"info","message":"Server running on port 5000","service":"employee-management-system-backend","timestamp":"2026-02-28 15:01:16"}
{"level":"info","message":"db connected: ac-rv7cbzl-shard-00-01.bzzscwt.mongodb.net","service":"employee-management-system-backend","timestamp":"2026-02-28 15:01:16"}
{"level":"error","message":"Add Employee Error: Cannot destructure property 'fullName' of 'req.body' as it is undefined.","service":"employee-management-system-backend","timestamp":"2026-02-28 15:01:45"}
{"level":"info","message":"::1 - - [28/Feb/2026:09:31:46 +0000] \"POST /api/employees HTTP/1.1\" 500 26 \"-\" \"PostmanRuntime/7.39.1\"","service":"employee-management-system-backend","timestamp":"2026-02-28 15:01:46"}
{"level":"info","message":"::1 - - [28/Feb/2026:09:32:04 +0000] \"POST /api/employees HTTP/1.1\" 400 59 \"-\" \"PostmanRuntime/7.39.1\"","service":"employee-management-system-backend","timestamp":"2026-02-28 15:02:04"}
{"level":"info","message":"::1 - - [28/Feb/2026:09:32:15 +0000] \"POST /api/employees HTTP/1.1\" 400 59 \"-\" \"PostmanRuntime/7.39.1\"","service":"employee-management-system-backend","timestamp":"2026-02-28 15:02:15"}
{"level":"info","message":"::1 - - [28/Feb/2026:09:32:24 +0000] \"POST /api/employees HTTP/1.1\" 400 59 \"-\" \"PostmanRuntime/7.39.1\"","service":"employee-management-system-backend","timestamp":"2026-02-28 15:02:24"}
{"level":"info","message":"::1 - - [28/Feb/2026:09:32:38 +0000] \"POST /api/employees HTTP/1.1\" 400 48 \"-\" \"PostmanRuntime/7.39.1\"","service":"employee-management-system-backend","timestamp":"2026-02-28 15:02:38"}
{"level":"info","message":"::1 - - [28/Feb/2026:09:32:45 +0000] \"POST /api/employees HTTP/1.1\" 400 59 \"-\" \"PostmanRuntime/7.39.1\"","service":"employee-management-system-backend","timestamp":"2026-02-28 15:02:45"}
{"level":"info","message":"Server running on port 5000","service":"employee-management-system-backend","timestamp":"2026-02-28 15:03:43"}
{"level":"info","message":"db connected: ac-rv7cbzl-shard-00-02.bzzscwt.mongodb.net","service":"employee-management-system-backend","timestamp":"2026-02-28 15:03:44"}
{"level":"info","message":"::1 - - [28/Feb/2026:09:33:50 +0000] \"POST /api/employees HTTP/1.1\" 400 59 \"-\" \"PostmanRuntime/7.39.1\"","service":"employee-management-system-backend","timestamp":"2026-02-28 15:03:50"}
{"level":"info","message":"::1 - - [28/Feb/2026:09:34:01 +0000] \"POST /api/employees HTTP/1.1\" 400 59 \"-\" \"PostmanRuntime/7.39.1\"","service":"employee-management-system-backend","timestamp":"2026-02-28 15:04:01"}
{"level":"info","message":"New employee added: EMP1245","service":"employee-management-system-backend","timestamp":"2026-02-28 15:04:16"}
{"level":"info","message":"::1 - - [28/Feb/2026:09:34:17 +0000] \"POST /api/employees HTTP/1.1\" 201 190 \"-\" \"PostmanRuntime/7.39.1\"","service":"employee-management-system-backend","timestamp":"2026-02-28 15:04:17"}
{"level":"info","message":"Server running on port 5000","service":"employee-management-system-backend","timestamp":"2026-02-28 15:47:56"}
{"level":"info","message":"db connected: ac-rv7cbzl-shard-00-00.bzzscwt.mongodb.net","service":"employee-management-system-backend","timestamp":"2026-02-28 15:47:57"}
{"level":"info","message":"New employee added: EMP1255","service":"employee-management-system-backend","timestamp":"2026-02-28 15:48:44"}
{"level":"info","message":"::1 - - [28/Feb/2026:10:18:44 +0000] \"POST /api/employees HTTP/1.1\" 201 189 \"-\" \"PostmanRuntime/7.39.1\"","service":"employee-management-system-backend","timestamp":"2026-02-28 15:48:44"}
{"level":"info","message":"Server running on port 5000","service":"employee-management-system-backend","timestamp":"2026-02-28 16:05:42"}
{"level":"info","message":"db connected: ac-rv7cbzl-shard-00-00.bzzscwt.mongodb.net","service":"employee-management-system-backend","timestamp":"2026-02-28 16:05:43"}
{"level":"info","message":"Server running on port 5000","service":"employee-management-system-backend","timestamp":"2026-02-28 16:20:53"}
{"level":"info","message":"db connected: ac-rv7cbzl-shard-00-02.bzzscwt.mongodb.net","service":"employee-management-system-backend","timestamp":"2026-02-28 16:20:53"}
{"level":"info","message":"Server running on port 5000","service":"employee-management-system-backend","timestamp":"2026-02-28 16:21:10"}
{"level":"info","message":"db connected: ac-rv7cbzl-shard-00-00.bzzscwt.mongodb.net","service":"employee-management-system-backend","timestamp":"2026-02-28 16:21:11"}
{"level":"info","message":"Server running on port 5000","service":"employee-management-system-backend","timestamp":"2026-02-28 16:21:24"}
{"level":"info","message":"db connected: ac-rv7cbzl-shard-00-02.bzzscwt.mongodb.net","service":"employee-management-system-backend","timestamp":"2026-02-28 16:21:25"}
{"level":"info","message":"New employee added: abc","service":"employee-management-system-backend","timestamp":"2026-02-28 16:22:19"}
{"level":"info","message":"192.168.29.240 - - [28/Feb/2026:10:52:19 +0000] \"POST /api/employees HTTP/1.1\" 201 179 \"-\" \"Dart/3.10 (dart:io)\"","service":"employee-management-system-backend","timestamp":"2026-02-28 16:22:19"}
{"level":"info","message":"Server running on port 5000","service":"employee-management-system-backend","timestamp":"2026-02-28 16:22:22"}
{"level":"info","message":"db connected: ac-rv7cbzl-shard-00-00.bzzscwt.mongodb.net","service":"employee-management-system-backend","timestamp":"2026-02-28 16:22:22"}
{"level":"info","message":"Server running on port 5000","service":"employee-management-system-backend","timestamp":"2026-02-28 16:25:33"}
{"level":"info","message":"Server running on port 5000","service":"employee-management-system-backend","timestamp":"2026-02-28 16:25:33"}
{"level":"info","message":"db connected: ac-rv7cbzl-shard-00-01.bzzscwt.mongodb.net","service":"employee-management-system-backend","timestamp":"2026-02-28 16:25:34"}
{"level":"info","message":"db connected: ac-rv7cbzl-shard-00-01.bzzscwt.mongodb.net","service":"employee-management-system-backend","timestamp":"2026-02-28 16:25:34"}
{"level":"info","message":"Server running on port 5000","service":"employee-management-system-backend","timestamp":"2026-02-28 16:25:42"}
{"level":"info","message":"Server running on port 5000","service":"employee-management-system-backend","timestamp":"2026-02-28 16:25:42"}
{"level":"info","message":"db connected: ac-rv7cbzl-shard-00-01.bzzscwt.mongodb.net","service":"employee-management-system-backend","timestamp":"2026-02-28 16:25:42"}
{"level":"info","message":"db connected: ac-rv7cbzl-shard-00-01.bzzscwt.mongodb.net","service":"employee-management-system-backend","timestamp":"2026-02-28 16:25:43"}
{"level":"info","message":"127.0.0.1 - - [28/Feb/2026:10:56:19 +0000] \"GET /api/employees HTTP/1.1\" 200 1097 \"-\" \"Mozilla/5.0 (Windows NT; Windows NT 10.0; en-US) WindowsPowerShell/5.1.19041.6456\"","service":"employee-management-system-backend","timestamp":"2026-02-28 16:26:19"}
{"level":"info","message":"127.0.0.1 - - [28/Feb/2026:10:56:38 +0000] \"GET /api/employees HTTP/1.1\" 200 1097 \"-\" \"Mozilla/5.0 (Windows NT; Windows NT 10.0; en-US) WindowsPowerShell/5.1.19041.6456\"","service":"employee-management-system-backend","timestamp":"2026-02-28 16:26:38"}
{"level":"info","message":"Server running on port 5000","service":"employee-management-system-backend","timestamp":"2026-02-28 16:27:05"}
{"level":"info","message":"db connected: ac-rv7cbzl-shard-00-00.bzzscwt.mongodb.net","service":"employee-management-system-backend","timestamp":"2026-02-28 16:27:05"}
{"level":"info","message":"127.0.0.1 - - [28/Feb/2026:10:57:38 +0000] \"GET /api/employees HTTP/1.1\" 200 1097 \"-\" \"PostmanRuntime/7.39.1\"","service":"employee-management-system-backend","timestamp":"2026-02-28 16:27:38"}
{"level":"info","message":"Server running on port 5000","service":"employee-management-system-backend","timestamp":"2026-02-28 16:28:30"}
{"level":"info","message":"db connected: ac-rv7cbzl-shard-00-02.bzzscwt.mongodb.net","service":"employee-management-system-backend","timestamp":"2026-02-28 16:28:30"}
{"level":"info","message":"192.168.29.240 - - [28/Feb/2026:10:58:48 +0000] \"GET /api/employees HTTP/1.1\" 200 1097 \"-\" \"Dart/3.10 (dart:io)\"","service":"employee-management-system-backend","timestamp":"2026-02-28 16:28:48"}
{"level":"info","message":"192.168.29.240 - - [28/Feb/2026:10:58:49 +0000] \"GET /api/employees HTTP/1.1\" 200 1097 \"-\" \"Dart/3.10 (dart:io)\"","service":"employee-management-system-backend","timestamp":"2026-02-28 16:28:49"}
{"level":"info","message":"New employee added: NISH-123","service":"employee-management-system-backend","timestamp":"2026-02-28 16:29:23"}
{"level":"info","message":"192.168.29.240 - - [28/Feb/2026:10:59:23 +0000] \"POST /api/employees HTTP/1.1\" 201 179 \"-\" \"Dart/3.10 (dart:io)\"","service":"employee-management-system-backend","timestamp":"2026-02-28 16:29:23"}
{"level":"info","message":"192.168.29.240 - - [28/Feb/2026:10:59:24 +0000] \"GET /api/employees HTTP/1.1\" 200 1363 \"-\" \"Dart/3.10 (dart:io)\"","service":"employee-management-system-backend","timestamp":"2026-02-28 16:29:24"}
{"level":"info","message":"New employee added: 1234","service":"employee-management-system-backend","timestamp":"2026-02-28 16:30:09"}
{"level":"info","message":"192.168.29.240 - - [28/Feb/2026:11:00:09 +0000] \"POST /api/employees HTTP/1.1\" 201 181 \"-\" \"Dart/3.10 (dart:io)\"","service":"employee-management-system-backend","timestamp":"2026-02-28 16:30:09"}
{"level":"info","message":"192.168.29.240 - - [28/Feb/2026:11:00:09 +0000] \"GET /api/employees HTTP/1.1\" 200 1631 \"-\" \"Dart/3.10 (dart:io)\"","service":"employee-management-system-backend","timestamp":"2026-02-28 16:30:09"}
{"level":"info","message":"New employee added: 123356","service":"employee-management-system-backend","timestamp":"2026-02-28 16:30:44"}
{"level":"info","message":"192.168.29.240 - - [28/Feb/2026:11:00:44 +0000] \"POST /api/employees HTTP/1.1\" 201 186 \"-\" \"Dart/3.10 (dart:io)\"","service":"employee-management-system-backend","timestamp":"2026-02-28 16:30:44"}
{"level":"info","message":"192.168.29.240 - - [28/Feb/2026:11:00:44 +0000] \"GET /api/employees HTTP/1.1\" 200 1904 \"-\" \"Dart/3.10 (dart:io)\"","service":"employee-management-system-backend","timestamp":"2026-02-28 16:30:44"}
{"level":"info","message":"192.168.29.240 - - [28/Feb/2026:11:06:27 +0000] \"GET /api/employees HTTP/1.1\" 200 1904 \"-\" \"Dart/3.10 (dart:io)\"","service":"employee-management-system-backend","timestamp":"2026-02-28 16:36:27"}
